[2026-03-23 15:56:04] launch_app.py start
[2026-03-23 15:56:05] launch_app.py fatal error
Traceback (most recent call last):
  File "C:\Users\JUNG\Desktop\plant-excel-app\launch_app.py", line 22, in <module>
    runpy.run_path(str(BASE_DIR / "start_app.py"), run_name="__main__")
  File "<frozen runpy>", line 286, in run_path
  File "<frozen runpy>", line 98, in _run_module_code
  File "<frozen runpy>", line 88, in _run_code
  File "C:\Users\JUNG\Desktop\plant-excel-app\start_app.py", line 10, in <module>
    import uvicorn
ModuleNotFoundError: No module named 'uvicorn'

[2026-03-23 15:56:11] launch_app.py start
[2026-03-23 15:56:11] launch_app.py fatal error
Traceback (most recent call last):
  File "C:\Users\JUNG\Desktop\plant-excel-app\launch_app.py", line 22, in <module>
    runpy.run_path(str(BASE_DIR / "start_app.py"), run_name="__main__")
  File "<frozen runpy>", line 286, in run_path
  File "<frozen runpy>", line 98, in _run_module_code
  File "<frozen runpy>", line 88, in _run_code
  File "C:\Users\JUNG\Desktop\plant-excel-app\start_app.py", line 10, in <module>
    import uvicorn
ModuleNotFoundError: No module named 'uvicorn'

[2026-03-23 16:04:35] launch_app.py start
[2026-03-23 16:04:35] launch_app.py fatal error
Traceback (most recent call last):
  File "C:\Users\JUNG\Desktop\plant-excel-app\launch_app.py", line 22, in <module>
    runpy.run_path(str(BASE_DIR / "start_app.py"), run_name="__main__")
  File "<frozen runpy>", line 286, in run_path
  File "<frozen runpy>", line 98, in _run_module_code
  File "<frozen runpy>", line 88, in _run_code
  File "C:\Users\JUNG\Desktop\plant-excel-app\start_app.py", line 10, in <module>
    import uvicorn
ModuleNotFoundError: No module named 'uvicorn'

[2026-03-23 16:12:33] launch_app.py start
[2026-03-23 16:12:36] process start
[2026-03-23 16:12:36] launcher init start
[2026-03-23 16:12:36] launcher init complete
[2026-03-23 16:12:37] start_server called
[2026-03-23 16:12:37] server thread start
[2026-03-23 16:12:37] finish_startup check
[2026-03-23 16:12:58] server start failed
[2026-03-23 16:13:42] launcher closing
[2026-03-23 16:13:42] process end
[2026-03-23 16:13:51] launch_app.py start
[2026-03-23 16:13:52] process start
[2026-03-23 16:13:52] launcher init start
[2026-03-23 16:13:52] launcher init complete
[2026-03-23 16:13:52] start_server called
[2026-03-23 16:13:52] server thread start
[2026-03-23 16:13:52] finish_startup check
[2026-03-23 16:14:13] server start failed
[2026-03-23 16:14:18] open_browser called before server ready
[2026-03-23 16:14:43] open_browser called before server ready
[2026-03-23 16:15:07] open_browser called before server ready
[2026-03-23 16:15:27] launcher closing
[2026-03-23 16:15:28] process end
[2026-03-23 16:15:38] launch_app.py start
[2026-03-23 16:15:38] process start
[2026-03-23 16:15:38] launcher init start
[2026-03-23 16:15:38] launcher init complete
[2026-03-23 16:15:39] start_server called
[2026-03-23 16:15:39] server thread start
[2026-03-23 16:15:39] finish_startup check
[2026-03-23 16:16:00] server start failed
[2026-03-23 17:11:44] launcher closing
[2026-03-23 17:11:45] process end
[2026-03-23 17:11:56] launch_app.py start
[2026-03-23 17:11:56] process start
[2026-03-23 17:11:56] launcher init start
[2026-03-23 17:11:57] launcher init complete
[2026-03-23 17:11:57] start_server called
[2026-03-23 17:11:57] server process started pid=15856
[2026-03-23 17:11:58] finish_startup check
[2026-03-23 17:12:58] server start failed
INFO:     Application startup complete.
INFO:     Uvicorn running on http://127.0.0.1:8000 (Press CTRL+C to quit)
[2026-03-23 17:12:42,384] [   ERROR] base_events.py:1785 - Accept failed on a socket
socket: <asyncio.TransportSocket fd=884, family=2, type=1, proto=6, laddr=('127.0.0.1', 8000)>
Traceback (most recent call last):
  File "C:\Users\JUNG\AppData\Local\Programs\Python\Python312\Lib\asyncio\proactor_events.py", line 844, in loop
    conn, addr = f.result()
                 ^^^^^^^^^^
  File "C:\Users\JUNG\AppData\Local\Programs\Python\Python312\Lib\asyncio\windows_events.py", line 798, in _poll
    value = callback(transferred, key, ov)
            ^^^^^^^^^^^^^^^^^^^^^^^^^^^^^^
  File "C:\Users\JUNG\AppData\Local\Programs\Python\Python312\Lib\asyncio\windows_events.py", line 550, in finish_accept
    ov.getresult()
OSError: [WinError 64]  Ʈũ ̸  ̻   ϴ
[2026-03-23 17:12:42,396] [   ERROR] base_events.py:1785 - Task exception was never retrieved
future: <Task finished name='Task-4' coro=<IocpProactor.accept.<locals>.accept_coro() done, defined at C:\Users\JUNG\AppData\Local\Programs\Python\Python312\Lib\asyncio\windows_events.py:558> exception=OSError(22, ' Ʈũ ̸  ̻   ϴ', None, 64, None)>
Traceback (most recent call last):
  File "C:\Users\JUNG\AppData\Local\Programs\Python\Python312\Lib\asyncio\windows_events.py", line 561, in accept_coro
    await future
OSError: [WinError 64]  Ʈũ ̸  ̻   ϴ
[2026-03-23 17:15:27] launcher closing
[2026-03-23 17:15:27] terminating server process
[2026-03-23 17:15:28] process end
[2026-03-23 17:15:30] launch_app.py start
[2026-03-23 17:15:30] process start
[2026-03-23 17:15:30] launcher init start
[2026-03-23 17:15:30] launcher init complete
[2026-03-23 17:15:31] start_server called
[2026-03-23 17:15:31] server process started pid=9852
[2026-03-23 17:15:31] finish_startup check
[2026-03-23 17:15:47] server ready
[2026-03-23 17:15:47] browser open
[2026-03-23 17:18:15] launcher closing
[2026-03-23 17:18:15] terminating server process
[2026-03-23 17:18:16] process end
[2026-04-18 15:42:48] process start
[2026-04-18 15:42:48] launcher init start
[2026-04-18 15:42:48] launcher init complete
[2026-04-18 15:42:48] start_server called
[2026-04-18 15:42:48] server process started pid=28600
[2026-04-18 15:42:49] finish_startup check
[2026-04-18 15:42:49] server process exited early with code 1
[2026-04-18 15:42:49] server start failed
    await future
OSError: [WinError 64]  Ʈũ ̸  ̻   ϴ

=== server start 2026-03-23 17:15:31 ===
:  Ͽ شǴ  ã ߽ϴ.
C:\Users\JUNG\Desktop\plant-excel-app\.venv\Lib\site-packages\paddle\utils\cpp_extension\extension_utils.py:711: UserWarning: No ccache found. Please be aware that recompiling all source files may be required. You can download and install ccache from: https://github.com/ccache/ccache/blob/master/doc/INSTALL.md
  warnings.warn(warning_message)
INFO:     Started server process [19780]
INFO:     Waiting for application startup.
INFO:     Application startup complete.
INFO:     Uvicorn running on http://127.0.0.1:8000 (Press CTRL+C to quit)
INFO:     127.0.0.1:59358 - "GET / HTTP/1.1" 200 OK
INFO:     127.0.0.1:59358 - "GET /static/styles.css HTTP/1.1" 304 Not Modified
INFO:     127.0.0.1:60809 - "GET /static/app.js HTTP/1.1" 304 Not Modified
INFO:     127.0.0.1:56673 - "GET /ledger HTTP/1.1" 200 OK
INFO:     127.0.0.1:56673 - "GET /static/ledger.js HTTP/1.1" 304 Not Modified
INFO:     127.0.0.1:56673 - "GET /api/purchase-ledger?sort=date&direction=desc HTTP/1.1" 200 OK

=== server start 2026-04-18 15:42:48 ===
C:\Users\JUNG\AppData\Local\Microsoft\WindowsApps\PythonSoftwareFoundation.Python.3.13_qbz5n2kfra8p0\python.exe: No module named uvicorn
[2026-04-18 15:42:52] open_browser called before server ready
[2026-04-18 15:46:47] open_browser called before server ready
[2026-04-18 15:46:48] launcher closing
[2026-04-18 15:46:49] process end
[2026-04-18 15:49:10] process start
[2026-04-18 15:49:10] launcher init start
[2026-04-18 15:49:10] launcher init complete
[2026-04-18 15:49:11] start_server called
[2026-04-18 15:49:11] server process started pid=5996
[2026-04-18 15:49:11] finish_startup check
[2026-04-18 15:49:11] server process exited early with code 1
[2026-04-18 15:49:11] server start failed
=== server start 2026-03-23 17:15:31 ===
:  Ͽ شǴ  ã ߽ϴ.
C:\Users\JUNG\Desktop\plant-excel-app\.venv\Lib\site-packages\paddle\utils\cpp_extension\extension_utils.py:711: UserWarning: No ccache found. Please be aware that recompiling all source files may be required. You can download and install ccache from: https://github.com/ccache/ccache/blob/master/doc/INSTALL.md
  warnings.warn(warning_message)
INFO:     Started server process [19780]
INFO:     Waiting for application startup.
INFO:     Application startup complete.
INFO:     Uvicorn running on http://127.0.0.1:8000 (Press CTRL+C to quit)
INFO:     127.0.0.1:59358 - "GET / HTTP/1.1" 200 OK
INFO:     127.0.0.1:59358 - "GET /static/styles.css HTTP/1.1" 304 Not Modified
INFO:     127.0.0.1:60809 - "GET /static/app.js HTTP/1.1" 304 Not Modified
INFO:     127.0.0.1:56673 - "GET /ledger HTTP/1.1" 200 OK
INFO:     127.0.0.1:56673 - "GET /static/ledger.js HTTP/1.1" 304 Not Modified
INFO:     127.0.0.1:56673 - "GET /api/purchase-ledger?sort=date&direction=desc HTTP/1.1" 200 OK

=== server start 2026-04-18 15:42:48 ===
C:\Users\JUNG\AppData\Local\Microsoft\WindowsApps\PythonSoftwareFoundation.Python.3.13_qbz5n2kfra8p0\python.exe: No module named uvicorn

=== server start 2026-04-18 15:49:11 ===
C:\Users\JUNG\AppData\Local\Microsoft\WindowsApps\PythonSoftwareFoundation.Python.3.13_qbz5n2kfra8p0\python.exe: No module named uvicorn
[2026-04-18 15:49:17] launcher closing
[2026-04-18 15:49:18] process end
[2026-04-18 15:54:26] process start
[2026-04-18 15:54:26] launcher init start
[2026-04-18 15:54:26] launcher init complete
[2026-04-18 15:54:26] start_server called
[2026-04-18 15:54:26] server process started pid=3568
[2026-04-18 15:54:26] finish_startup check
[2026-04-18 15:54:26] server process exited early with code 1
[2026-04-18 15:54:27] server start failed
  warnings.warn(warning_message)
INFO:     Started server process [19780]
INFO:     Waiting for application startup.
INFO:     Application startup complete.
INFO:     Uvicorn running on http://127.0.0.1:8000 (Press CTRL+C to quit)
INFO:     127.0.0.1:59358 - "GET / HTTP/1.1" 200 OK
INFO:     127.0.0.1:59358 - "GET /static/styles.css HTTP/1.1" 304 Not Modified
INFO:     127.0.0.1:60809 - "GET /static/app.js HTTP/1.1" 304 Not Modified
INFO:     127.0.0.1:56673 - "GET /ledger HTTP/1.1" 200 OK
INFO:     127.0.0.1:56673 - "GET /static/ledger.js HTTP/1.1" 304 Not Modified
INFO:     127.0.0.1:56673 - "GET /api/purchase-ledger?sort=date&direction=desc HTTP/1.1" 200 OK

=== server start 2026-04-18 15:42:48 ===
C:\Users\JUNG\AppData\Local\Microsoft\WindowsApps\PythonSoftwareFoundation.Python.3.13_qbz5n2kfra8p0\python.exe: No module named uvicorn

=== server start 2026-04-18 15:49:11 ===
C:\Users\JUNG\AppData\Local\Microsoft\WindowsApps\PythonSoftwareFoundation.Python.3.13_qbz5n2kfra8p0\python.exe: No module named uvicorn

=== server start 2026-04-18 15:54:26 ===
C:\Users\JUNG\anaconda3\python.exe: No module named uvicorn
[2026-04-18 15:59:56] process start
[2026-04-18 15:59:56] launcher init start
[2026-04-18 15:59:56] launcher init complete
[2026-04-18 15:59:57] start_server called
[2026-04-18 15:59:57] server process started pid=23844
[2026-04-18 15:59:57] finish_startup check
[2026-04-18 15:59:58] server process exited early with code 1
[2026-04-18 15:59:58] server start failed
    ~~~~~~~~~~~^^
  File "C:\Users\JUNG\AppData\Local\Packages\PythonSoftwareFoundation.Python.3.13_qbz5n2kfra8p0\LocalCache\local-packages\Python313\site-packages\uvicorn\config.py", line 441, in load
    self.loaded_app = import_from_string(self.app)
                      ~~~~~~~~~~~~~~~~~~^^^^^^^^^^
  File "C:\Users\JUNG\AppData\Local\Packages\PythonSoftwareFoundation.Python.3.13_qbz5n2kfra8p0\LocalCache\local-packages\Python313\site-packages\uvicorn\importer.py", line 22, in import_from_string
    raise exc from None
  File "C:\Users\JUNG\AppData\Local\Packages\PythonSoftwareFoundation.Python.3.13_qbz5n2kfra8p0\LocalCache\local-packages\Python313\site-packages\uvicorn\importer.py", line 19, in import_from_string
    module = importlib.import_module(module_str)
  File "C:\Program Files\WindowsApps\PythonSoftwareFoundation.Python.3.13_3.13.3568.0_x64__qbz5n2kfra8p0\Lib\importlib\__init__.py", line 88, in import_module
    return _bootstrap._gcd_import(name[level:], package, level)
           ~~~~~~~~~~~~~~~~~~~~~~^^^^^^^^^^^^^^^^^^^^^^^^^^^^^^
  File "<frozen importlib._bootstrap>", line 1395, in _gcd_import
  File "<frozen importlib._bootstrap>", line 1360, in _find_and_load
  File "<frozen importlib._bootstrap>", line 1331, in _find_and_load_unlocked
  File "<frozen importlib._bootstrap>", line 935, in _load_unlocked
  File "<frozen importlib._bootstrap_external>", line 1023, in exec_module
  File "<frozen importlib._bootstrap>", line 488, in _call_with_frames_removed
  File "C:\Users\JUNG\Desktop\plant-excel-app\app\main.py", line 7, in <module>
    from fastapi import FastAPI, UploadFile
ModuleNotFoundError: No module named 'fastapi'
[2026-04-18 16:00:44] launcher closing
[2026-04-18 16:00:45] process end
[2026-04-18 16:20:20] process start
[2026-04-18 16:20:20] launcher init start
[2026-04-18 16:20:21] launcher init complete
[2026-04-18 16:20:21] start_server called
[2026-04-18 16:20:21] server process started pid=32388
[2026-04-18 16:20:21] finish_startup check
