
=== server start 2026-03-23 17:11:57 ===
СЄКИ: СІАјЕШ ЦаХЯПЁ ЧиДчЕЧДТ ЦФРЯРЛ УЃСі ИјЧпНРДЯДй.
C:\Users\JUNG\Desktop\plant-excel-app\.venv\Lib\site-packages\paddle\utils\cpp_extension\extension_utils.py:711: UserWarning: No ccache found. Please be aware that recompiling all source files may be required. You can download and install ccache from: https://github.com/ccache/ccache/blob/master/doc/INSTALL.md
  warnings.warn(warning_message)
INFO:     Started server process [15980]
INFO:     Waiting for application startup.
INFO:     Application startup complete.
INFO:     Uvicorn running on http://127.0.0.1:8000 (Press CTRL+C to quit)
[2026-03-23 17:12:42,384] [   ERROR] base_events.py:1785 - Accept failed on a socket
socket: <asyncio.TransportSocket fd=884, family=2, type=1, proto=6, laddr=('127.0.0.1', 8000)>
Traceback (most recent call last):
  File "C:\Users\JUNG\AppData\Local\Programs\Python\Python312\Lib\asyncio\proactor_events.py", line 844, in loop
    conn, addr = f.result()
                 ^^^^^^^^^^
  File "C:\Users\JUNG\AppData\Local\Programs\Python\Python312\Lib\asyncio\windows_events.py", line 798, in _poll
    value = callback(transferred, key, ov)
            ^^^^^^^^^^^^^^^^^^^^^^^^^^^^^^
  File "C:\Users\JUNG\AppData\Local\Programs\Python\Python312\Lib\asyncio\windows_events.py", line 550, in finish_accept
    ov.getresult()
OSError: [WinError 64] СіСЄЕШ ГзЦЎПіХЉ РЬИЇРЛ Дѕ РЬЛѓ ЛчПыЧв Мі ОјНРДЯДй
[2026-03-23 17:12:42,396] [   ERROR] base_events.py:1785 - Task exception was never retrieved
future: <Task finished name='Task-4' coro=<IocpProactor.accept.<locals>.accept_coro() done, defined at C:\Users\JUNG\AppData\Local\Programs\Python\Python312\Lib\asyncio\windows_events.py:558> exception=OSError(22, 'СіСЄЕШ ГзЦЎПіХЉ РЬИЇРЛ Дѕ РЬЛѓ ЛчПыЧв Мі ОјНРДЯДй', None, 64, None)>
Traceback (most recent call last):
  File "C:\Users\JUNG\AppData\Local\Programs\Python\Python312\Lib\asyncio\windows_events.py", line 561, in accept_coro
    await future
OSError: [WinError 64] СіСЄЕШ ГзЦЎПіХЉ РЬИЇРЛ Дѕ РЬЛѓ ЛчПыЧв Мі ОјНРДЯДй

=== server start 2026-03-23 17:15:31 ===
СЄКИ: СІАјЕШ ЦаХЯПЁ ЧиДчЕЧДТ ЦФРЯРЛ УЃСі ИјЧпНРДЯДй.
C:\Users\JUNG\Desktop\plant-excel-app\.venv\Lib\site-packages\paddle\utils\cpp_extension\extension_utils.py:711: UserWarning: No ccache found. Please be aware that recompiling all source files may be required. You can download and install ccache from: https://github.com/ccache/ccache/blob/master/doc/INSTALL.md
  warnings.warn(warning_message)
INFO:     Started server process [19780]
INFO:     Waiting for application startup.
INFO:     Application startup complete.
INFO:     Uvicorn running on http://127.0.0.1:8000 (Press CTRL+C to quit)
INFO:     127.0.0.1:59358 - "GET / HTTP/1.1" 200 OK
INFO:     127.0.0.1:59358 - "GET /static/styles.css HTTP/1.1" 304 Not Modified
INFO:     127.0.0.1:60809 - "GET /static/app.js HTTP/1.1" 304 Not Modified
INFO:     127.0.0.1:56673 - "GET /ledger HTTP/1.1" 200 OK
INFO:     127.0.0.1:56673 - "GET /static/ledger.js HTTP/1.1" 304 Not Modified
INFO:     127.0.0.1:56673 - "GET /api/purchase-ledger?sort=date&direction=desc HTTP/1.1" 200 OK

=== server start 2026-04-18 15:42:48 ===
C:\Users\JUNG\AppData\Local\Microsoft\WindowsApps\PythonSoftwareFoundation.Python.3.13_qbz5n2kfra8p0\python.exe: No module named uvicorn

=== server start 2026-04-18 15:49:11 ===
C:\Users\JUNG\AppData\Local\Microsoft\WindowsApps\PythonSoftwareFoundation.Python.3.13_qbz5n2kfra8p0\python.exe: No module named uvicorn

=== server start 2026-04-18 15:54:26 ===
C:\Users\JUNG\anaconda3\python.exe: No module named uvicorn

=== server start 2026-04-18 15:59:57 ===
Traceback (most recent call last):
  File "<frozen runpy>", line 198, in _run_module_as_main
  File "<frozen runpy>", line 88, in _run_code
  File "C:\Users\JUNG\AppData\Local\Packages\PythonSoftwareFoundation.Python.3.13_qbz5n2kfra8p0\LocalCache\local-packages\Python313\site-packages\uvicorn\__main__.py", line 4, in <module>
    uvicorn.main()
    ~~~~~~~~~~~~^^
  File "C:\Users\JUNG\AppData\Local\Packages\PythonSoftwareFoundation.Python.3.13_qbz5n2kfra8p0\LocalCache\local-packages\Python313\site-packages\click\core.py", line 1485, in __call__
    return self.main(*args, **kwargs)
           ~~~~~~~~~^^^^^^^^^^^^^^^^^
  File "C:\Users\JUNG\AppData\Local\Packages\PythonSoftwareFoundation.Python.3.13_qbz5n2kfra8p0\LocalCache\local-packages\Python313\site-packages\click\core.py", line 1406, in main
    rv = self.invoke(ctx)
  File "C:\Users\JUNG\AppData\Local\Packages\PythonSoftwareFoundation.Python.3.13_qbz5n2kfra8p0\LocalCache\local-packages\Python313\site-packages\click\core.py", line 1269, in invoke
    return ctx.invoke(self.callback, **ctx.params)
           ~~~~~~~~~~^^^^^^^^^^^^^^^^^^^^^^^^^^^^^
  File "C:\Users\JUNG\AppData\Local\Packages\PythonSoftwareFoundation.Python.3.13_qbz5n2kfra8p0\LocalCache\local-packages\Python313\site-packages\click\core.py", line 824, in invoke
    return callback(*args, **kwargs)
  File "C:\Users\JUNG\AppData\Local\Packages\PythonSoftwareFoundation.Python.3.13_qbz5n2kfra8p0\LocalCache\local-packages\Python313\site-packages\uvicorn\main.py", line 433, in main
    run(
    ~~~^
        app,
        ^^^^
    ...<47 lines>...
        h11_max_incomplete_event_size=h11_max_incomplete_event_size,
        ^^^^^^^^^^^^^^^^^^^^^^^^^^^^^^^^^^^^^^^^^^^^^^^^^^^^^^^^^^^^
    )
    ^
  File "C:\Users\JUNG\AppData\Local\Packages\PythonSoftwareFoundation.Python.3.13_qbz5n2kfra8p0\LocalCache\local-packages\Python313\site-packages\uvicorn\main.py", line 606, in run
    server.run()
    ~~~~~~~~~~^^
  File "C:\Users\JUNG\AppData\Local\Packages\PythonSoftwareFoundation.Python.3.13_qbz5n2kfra8p0\LocalCache\local-packages\Python313\site-packages\uvicorn\server.py", line 75, in run
    return asyncio_run(self.serve(sockets=sockets), loop_factory=self.config.get_loop_factory())
  File "C:\Program Files\WindowsApps\PythonSoftwareFoundation.Python.3.13_3.13.3568.0_x64__qbz5n2kfra8p0\Lib\asyncio\runners.py", line 195, in run
    return runner.run(main)
           ~~~~~~~~~~^^^^^^
  File "C:\Program Files\WindowsApps\PythonSoftwareFoundation.Python.3.13_3.13.3568.0_x64__qbz5n2kfra8p0\Lib\asyncio\runners.py", line 118, in run
    return self._loop.run_until_complete(task)
           ~~~~~~~~~~~~~~~~~~~~~~~~~~~~~^^^^^^
  File "C:\Program Files\WindowsApps\PythonSoftwareFoundation.Python.3.13_3.13.3568.0_x64__qbz5n2kfra8p0\Lib\asyncio\base_events.py", line 725, in run_until_complete
    return future.result()
           ~~~~~~~~~~~~~^^
  File "C:\Users\JUNG\AppData\Local\Packages\PythonSoftwareFoundation.Python.3.13_qbz5n2kfra8p0\LocalCache\local-packages\Python313\site-packages\uvicorn\server.py", line 79, in serve
    await self._serve(sockets)
  File "C:\Users\JUNG\AppData\Local\Packages\PythonSoftwareFoundation.Python.3.13_qbz5n2kfra8p0\LocalCache\local-packages\Python313\site-packages\uvicorn\server.py", line 86, in _serve
    config.load()
    ~~~~~~~~~~~^^
  File "C:\Users\JUNG\AppData\Local\Packages\PythonSoftwareFoundation.Python.3.13_qbz5n2kfra8p0\LocalCache\local-packages\Python313\site-packages\uvicorn\config.py", line 441, in load
    self.loaded_app = import_from_string(self.app)
                      ~~~~~~~~~~~~~~~~~~^^^^^^^^^^
  File "C:\Users\JUNG\AppData\Local\Packages\PythonSoftwareFoundation.Python.3.13_qbz5n2kfra8p0\LocalCache\local-packages\Python313\site-packages\uvicorn\importer.py", line 22, in import_from_string
    raise exc from None
  File "C:\Users\JUNG\AppData\Local\Packages\PythonSoftwareFoundation.Python.3.13_qbz5n2kfra8p0\LocalCache\local-packages\Python313\site-packages\uvicorn\importer.py", line 19, in import_from_string
    module = importlib.import_module(module_str)
  File "C:\Program Files\WindowsApps\PythonSoftwareFoundation.Python.3.13_3.13.3568.0_x64__qbz5n2kfra8p0\Lib\importlib\__init__.py", line 88, in import_module
    return _bootstrap._gcd_import(name[level:], package, level)
           ~~~~~~~~~~~~~~~~~~~~~~^^^^^^^^^^^^^^^^^^^^^^^^^^^^^^
  File "<frozen importlib._bootstrap>", line 1395, in _gcd_import
  File "<frozen importlib._bootstrap>", line 1360, in _find_and_load
  File "<frozen importlib._bootstrap>", line 1331, in _find_and_load_unlocked
  File "<frozen importlib._bootstrap>", line 935, in _load_unlocked
  File "<frozen importlib._bootstrap_external>", line 1023, in exec_module
  File "<frozen importlib._bootstrap>", line 488, in _call_with_frames_removed
  File "C:\Users\JUNG\Desktop\plant-excel-app\app\main.py", line 7, in <module>
    from fastapi import FastAPI, UploadFile
ModuleNotFoundError: No module named 'fastapi'

=== server start 2026-04-18 16:20:21 ===
INFO:     Started server process [31176]
INFO:     Waiting for application startup.
INFO:     Application startup complete.
INFO:     Uvicorn running on http://127.0.0.1:8000 (Press CTRL+C to quit)
Accept failed on a socket
socket: <asyncio.TransportSocket fd=400, family=AddressFamily.AF_INET, type=SocketKind.SOCK_STREAM, proto=6, laddr=('127.0.0.1', 8000)>
Traceback (most recent call last):
  File "C:\Users\JUNG\AppData\Local\Programs\Python\Python310\lib\asyncio\proactor_events.py", line 820, in loop
    conn, addr = f.result()
  File "C:\Users\JUNG\AppData\Local\Programs\Python\Python310\lib\asyncio\windows_events.py", line 812, in _poll
    value = callback(transferred, key, ov)
  File "C:\Users\JUNG\AppData\Local\Programs\Python\Python310\lib\asyncio\windows_events.py", line 555, in finish_accept
    ov.getresult()
OSError: [WinError 64] СіСЄЕШ ГзЦЎПіХЉ РЬИЇРЛ Дѕ РЬЛѓ ЛчПыЧв Мі ОјНРДЯДй
Task exception was never retrieved
future: <Task finished name='Task-4' coro=<IocpProactor.accept.<locals>.accept_coro() done, defined at C:\Users\JUNG\AppData\Local\Programs\Python\Python310\lib\asyncio\windows_events.py:563> exception=OSError(22, 'СіСЄЕШ ГзЦЎПіХЉ РЬИЇРЛ Дѕ РЬЛѓ ЛчПыЧв Мі ОјНРДЯДй', None, 64, None)>
Traceback (most recent call last):
  File "C:\Users\JUNG\AppData\Local\Programs\Python\Python310\lib\asyncio\windows_events.py", line 566, in accept_coro
    await future
  File "C:\Users\JUNG\AppData\Local\Programs\Python\Python310\lib\asyncio\proactor_events.py", line 820, in loop
    conn, addr = f.result()
  File "C:\Users\JUNG\AppData\Local\Programs\Python\Python310\lib\asyncio\windows_events.py", line 812, in _poll
    value = callback(transferred, key, ov)
  File "C:\Users\JUNG\AppData\Local\Programs\Python\Python310\lib\asyncio\windows_events.py", line 555, in finish_accept
    ov.getresult()
OSError: [WinError 64] СіСЄЕШ ГзЦЎПіХЉ РЬИЇРЛ Дѕ РЬЛѓ ЛчПыЧв Мі ОјНРДЯДй
